2023-03-19 19:39:08,861 INFO [main] c.z.c.MapperTest [StartupInfoLogger.java:55] Starting MapperTest using Java 17.0.5 on LAPTOP-338NMTK2 with PID 9620 (started by Thales in D:\workspace\community)
2023-03-19 19:39:08,869 INFO [main] c.z.c.MapperTest [SpringApplication.java:631] No active profile set, falling back to 1 default profile: "default"
2023-03-19 19:39:11,215 INFO [main] o.s.b.a.w.s.WelcomePageHandlerMapping [WelcomePageHandlerMapping.java:57] Adding welcome page template: index
2023-03-19 19:39:11,530 INFO [main] c.z.c.MapperTest [StartupInfoLogger.java:61] Started MapperTest in 3.622 seconds (JVM running for 4.745)
2023-03-19 19:39:12,069 INFO [main] c.z.h.HikariDataSource [HikariDataSource.java:110] HikariPool-1 - Starting...
2023-03-19 19:39:12,264 INFO [main] c.z.h.HikariDataSource [HikariDataSource.java:123] HikariPool-1 - Start completed.
2023-03-19 19:39:12,395 INFO [SpringApplicationShutdownHook] c.z.h.HikariDataSource [HikariDataSource.java:350] HikariPool-1 - Shutdown initiated...
2023-03-19 19:39:12,404 INFO [SpringApplicationShutdownHook] c.z.h.HikariDataSource [HikariDataSource.java:352] HikariPool-1 - Shutdown completed.
2023-03-19 19:43:30,743 INFO [main] c.z.c.MapperTest [StartupInfoLogger.java:55] Starting MapperTest using Java 17.0.5 on LAPTOP-338NMTK2 with PID 3760 (started by Thales in D:\workspace\community)
2023-03-19 19:43:30,746 INFO [main] c.z.c.MapperTest [SpringApplication.java:631] No active profile set, falling back to 1 default profile: "default"
2023-03-19 19:43:33,068 INFO [main] o.s.b.a.w.s.WelcomePageHandlerMapping [WelcomePageHandlerMapping.java:57] Adding welcome page template: index
2023-03-19 19:43:33,480 INFO [main] c.z.c.MapperTest [StartupInfoLogger.java:61] Started MapperTest in 3.213 seconds (JVM running for 4.49)
2023-03-19 19:43:34,151 INFO [main] c.z.h.HikariDataSource [HikariDataSource.java:110] HikariPool-1 - Starting...
2023-03-19 19:43:34,417 INFO [main] c.z.h.HikariDataSource [HikariDataSource.java:123] HikariPool-1 - Start completed.
2023-03-19 19:43:34,600 INFO [SpringApplicationShutdownHook] c.z.h.HikariDataSource [HikariDataSource.java:350] HikariPool-1 - Shutdown initiated...
2023-03-19 19:43:34,610 INFO [SpringApplicationShutdownHook] c.z.h.HikariDataSource [HikariDataSource.java:352] HikariPool-1 - Shutdown completed.
2023-03-19 20:47:24,686 INFO [main] c.z.c.MapperTest [StartupInfoLogger.java:55] Starting MapperTest using Java 17.0.5 on LAPTOP-338NMTK2 with PID 19320 (started by Thales in D:\workspace\community)
2023-03-19 20:47:24,689 INFO [main] c.z.c.MapperTest [SpringApplication.java:631] No active profile set, falling back to 1 default profile: "default"
2023-03-19 20:47:27,812 INFO [main] o.s.b.a.w.s.WelcomePageHandlerMapping [WelcomePageHandlerMapping.java:57] Adding welcome page template: index
2023-03-19 20:47:28,209 INFO [main] c.z.c.MapperTest [StartupInfoLogger.java:61] Started MapperTest in 5.514 seconds (JVM running for 6.762)
2023-03-19 20:47:28,795 INFO [main] c.z.h.HikariDataSource [HikariDataSource.java:110] HikariPool-1 - Starting...
2023-03-19 20:47:29,035 INFO [main] c.z.h.HikariDataSource [HikariDataSource.java:123] HikariPool-1 - Start completed.
2023-03-19 20:47:29,196 INFO [SpringApplicationShutdownHook] c.z.h.HikariDataSource [HikariDataSource.java:350] HikariPool-1 - Shutdown initiated...
2023-03-19 20:47:29,204 INFO [SpringApplicationShutdownHook] c.z.h.HikariDataSource [HikariDataSource.java:352] HikariPool-1 - Shutdown completed.
2023-03-19 20:47:49,256 INFO [restartedMain] c.z.c.CommunityApplication [StartupInfoLogger.java:55] Starting CommunityApplication using Java 17.0.5 on LAPTOP-338NMTK2 with PID 8836 (D:\workspace\community\target\classes started by Thales in D:\workspace\community)
2023-03-19 20:47:49,258 INFO [restartedMain] c.z.c.CommunityApplication [SpringApplication.java:631] No active profile set, falling back to 1 default profile: "default"
2023-03-19 20:47:49,300 INFO [restartedMain] o.s.b.d.e.DevToolsPropertyDefaultsPostProcessor [DeferredLog.java:255] Devtools property defaults active! Set 'spring.devtools.add-properties' to 'false' to disable
2023-03-19 20:47:49,301 INFO [restartedMain] o.s.b.d.e.DevToolsPropertyDefaultsPostProcessor [DeferredLog.java:255] For additional web related logging consider setting the 'logging.level.web' property to 'DEBUG'
2023-03-19 20:47:50,167 INFO [restartedMain] o.s.b.w.e.t.TomcatWebServer [TomcatWebServer.java:108] Tomcat initialized with port(s): 8080 (http)
2023-03-19 20:47:50,177 INFO [restartedMain] o.a.c.h.Http11NioProtocol [DirectJDKLog.java:173] Initializing ProtocolHandler ["http-nio-8080"]
2023-03-19 20:47:50,177 INFO [restartedMain] o.a.c.c.StandardService [DirectJDKLog.java:173] Starting service [Tomcat]
2023-03-19 20:47:50,177 INFO [restartedMain] o.a.c.c.StandardEngine [DirectJDKLog.java:173] Starting Servlet engine: [Apache Tomcat/9.0.70]
2023-03-19 20:47:50,245 INFO [restartedMain] o.a.c.c.C.[.[.[/community] [DirectJDKLog.java:173] Initializing Spring embedded WebApplicationContext
2023-03-19 20:47:50,246 INFO [restartedMain] o.s.b.w.s.c.ServletWebServerApplicationContext [ServletWebServerApplicationContext.java:292] Root WebApplicationContext: initialization completed in 944 ms
2023-03-19 20:47:50,647 INFO [restartedMain] o.s.b.a.w.s.WelcomePageHandlerMapping [WelcomePageHandlerMapping.java:57] Adding welcome page template: index
2023-03-19 20:47:50,789 INFO [restartedMain] o.s.b.d.a.OptionalLiveReloadServer [OptionalLiveReloadServer.java:59] LiveReload server is running on port 35729
2023-03-19 20:47:50,804 INFO [restartedMain] o.a.c.h.Http11NioProtocol [DirectJDKLog.java:173] Starting ProtocolHandler ["http-nio-8080"]
2023-03-19 20:47:50,825 INFO [restartedMain] o.s.b.w.e.t.TomcatWebServer [TomcatWebServer.java:220] Tomcat started on port(s): 8080 (http) with context path '/community'
2023-03-19 20:47:50,835 INFO [restartedMain] c.z.c.CommunityApplication [StartupInfoLogger.java:61] Started CommunityApplication in 1.899 seconds (JVM running for 2.511)
2023-03-19 20:48:02,233 INFO [http-nio-8080-exec-1] o.a.c.c.C.[.[.[/community] [DirectJDKLog.java:173] Initializing Spring DispatcherServlet 'dispatcherServlet'
2023-03-19 20:48:02,234 INFO [http-nio-8080-exec-1] o.s.w.s.DispatcherServlet [FrameworkServlet.java:525] Initializing Servlet 'dispatcherServlet'
2023-03-19 20:48:02,235 INFO [http-nio-8080-exec-1] o.s.w.s.DispatcherServlet [FrameworkServlet.java:547] Completed initialization in 1 ms
2023-03-19 20:48:02,298 INFO [http-nio-8080-exec-1] c.z.h.HikariDataSource [HikariDataSource.java:110] HikariPool-1 - Starting...
2023-03-19 20:48:02,393 INFO [http-nio-8080-exec-1] c.z.h.HikariDataSource [HikariDataSource.java:123] HikariPool-1 - Start completed.
2023-03-19 21:52:39,339 INFO [SpringApplicationShutdownHook] c.z.h.HikariDataSource [HikariDataSource.java:350] HikariPool-1 - Shutdown initiated...
2023-03-19 21:52:39,342 INFO [SpringApplicationShutdownHook] c.z.h.HikariDataSource [HikariDataSource.java:352] HikariPool-1 - Shutdown completed.
